E:\HERBERT PROJECT\GITHUB PROJECT\CODING-INTERVIEWS\SEARCHING IN 2D ARRAY\SEARCHING IN 2D ARRAY\DEBUG\MAIN.OBJ
E:\HERBERT PROJECT\GITHUB PROJECT\CODING-INTERVIEWS\SEARCHING IN 2D ARRAY\SEARCHING IN 2D ARRAY\DEBUG\VC110.PDB
E:\HERBERT PROJECT\GITHUB PROJECT\CODING-INTERVIEWS\SEARCHING IN 2D ARRAY\DEBUG\SEARCHING IN 2D ARRAY.ILK
E:\HERBERT PROJECT\GITHUB PROJECT\CODING-INTERVIEWS\SEARCHING IN 2D ARRAY\DEBUG\SEARCHING IN 2D ARRAY.EXE
E:\HERBERT PROJECT\GITHUB PROJECT\CODING-INTERVIEWS\SEARCHING IN 2D ARRAY\DEBUG\SEARCHING IN 2D ARRAY.PDB
E:\Herbert Project\GitHub Project\Coding-Interviews\Searching in 2D array\Searching in 2D array\Debug\main.obj
E:\Herbert Project\GitHub Project\Coding-Interviews\Searching in 2D array\Searching in 2D array\Debug\cl.command.1.tlog
E:\Herbert Project\GitHub Project\Coding-Interviews\Searching in 2D array\Searching in 2D array\Debug\CL.read.1.tlog
E:\Herbert Project\GitHub Project\Coding-Interviews\Searching in 2D array\Searching in 2D array\Debug\CL.write.1.tlog
E:\Herbert Project\GitHub Project\Coding-Interviews\Searching in 2D array\Searching in 2D array\Debug\link-cvtres.read.1.tlog
E:\Herbert Project\GitHub Project\Coding-Interviews\Searching in 2D array\Searching in 2D array\Debug\link-cvtres.write.1.tlog
E:\Herbert Project\GitHub Project\Coding-Interviews\Searching in 2D array\Searching in 2D array\Debug\link-rc.read.1.tlog
E:\Herbert Project\GitHub Project\Coding-Interviews\Searching in 2D array\Searching in 2D array\Debug\link-rc.write.1.tlog
E:\Herbert Project\GitHub Project\Coding-Interviews\Searching in 2D array\Searching in 2D array\Debug\link.command.1.tlog
E:\Herbert Project\GitHub Project\Coding-Interviews\Searching in 2D array\Searching in 2D array\Debug\link.read.1.tlog
E:\Herbert Project\GitHub Project\Coding-Interviews\Searching in 2D array\Searching in 2D array\Debug\link.write.1.tlog
E:\Herbert Project\GitHub Project\Coding-Interviews\Searching in 2D array\Searching in 2D array\Debug\vc110.idb
E:\Herbert Project\GitHub Project\Coding-Interviews\Searching in 2D array\Searching in 2D array\Debug\vc110.pdb
E:\Herbert Project\GitHub Project\Coding-Interviews\Searching in 2D array\Debug\Searching in 2D array.pdb
E:\Herbert Project\GitHub Project\Coding-Interviews\Searching in 2D array\Debug\Searching in 2D array.exe
E:\Herbert Project\GitHub Project\Coding-Interviews\Searching in 2D array\Debug\Searching in 2D array.ilk
